1606226190283	mozrunner::runner	INFO	Running command: "/usr/bin/firefox" "-marionette" "-foreground" "-no-remote" "-profile" "/tmp/rust_mozprofile.nBa58fsfyWlQ"
console.warn: SearchSettings: "get: No settings file exists, new profile?" (new Error("", "(unknown module)"))
1606226192011	Marionette	INFO	Listening on port 41875
1606226192105	Marionette	WARN	TLS certificate errors will be ignored for this session
JavaScript error: http://conepe.guarus.iff.edu.br/admins/sign_in, line 28: TypeError: element is null
1606226197969	Marionette	INFO	Stopped listening on port 41875
1606226220706	mozrunner::runner	INFO	Running command: "/usr/bin/firefox" "-marionette" "-foreground" "-no-remote" "-profile" "/tmp/rust_mozprofile.qw5iIwpI3lft"
console.warn: SearchSettings: "get: No settings file exists, new profile?" (new Error("", "(unknown module)"))
1606226222351	Marionette	INFO	Listening on port 37807
1606226222438	Marionette	WARN	TLS certificate errors will be ignored for this session
JavaScript error: http://conepe.guarus.iff.edu.br/admins/sign_in, line 28: TypeError: element is null
1606226248804	Marionette	INFO	Stopped listening on port 37807
1606226256212	mozrunner::runner	INFO	Running command: "/usr/bin/firefox" "-marionette" "-foreground" "-no-remote" "-profile" "/tmp/rust_mozprofile.1RbMpcvPTOWC"
console.warn: SearchSettings: "get: No settings file exists, new profile?" (new Error("", "(unknown module)"))
1606226257980	Marionette	INFO	Listening on port 39665
1606226258034	Marionette	WARN	TLS certificate errors will be ignored for this session
JavaScript error: http://conepe.guarus.iff.edu.br/admins/sign_in, line 28: TypeError: element is null
1606226283909	mozrunner::runner	INFO	Running command: "/usr/bin/firefox" "-marionette" "-foreground" "-no-remote" "-profile" "/tmp/rust_mozprofile.3RT2c6jUXY39"
console.warn: SearchSettings: "get: No settings file exists, new profile?" (new Error("", "(unknown module)"))
1606226285727	Marionette	INFO	Listening on port 37765
1606226285831	Marionette	WARN	TLS certificate errors will be ignored for this session
JavaScript error: http://conepe.guarus.iff.edu.br/admins/sign_in, line 28: TypeError: element is null
1606226302725	Marionette	INFO	Stopped listening on port 37765
1606226306378	Marionette	INFO	Stopped listening on port 39665
1606226310603	mozrunner::runner	INFO	Running command: "/usr/bin/firefox" "-marionette" "-foreground" "-no-remote" "-profile" "/tmp/rust_mozprofile.JLSsW6OoAbAi"
console.warn: SearchSettings: "get: No settings file exists, new profile?" (new Error("", "(unknown module)"))
1606226312375	Marionette	INFO	Listening on port 34895
1606226312439	Marionette	WARN	TLS certificate errors will be ignored for this session
JavaScript error: http://conepe.guarus.iff.edu.br/admins/sign_in, line 28: TypeError: element is null
1606226384848	mozrunner::runner	INFO	Running command: "/usr/bin/firefox" "-marionette" "-foreground" "-no-remote" "-profile" "/tmp/rust_mozprofile.Y01tWhgyBE2G"
console.warn: SearchSettings: "get: No settings file exists, new profile?" (new Error("", "(unknown module)"))
1606226386534	Marionette	INFO	Listening on port 33629
1606226386592	Marionette	WARN	TLS certificate errors will be ignored for this session
JavaScript error: http://conepe.guarus.iff.edu.br/admins/sign_in, line 28: TypeError: element is null
1606226435716	mozrunner::runner	INFO	Running command: "/usr/bin/firefox" "-marionette" "-foreground" "-no-remote" "-profile" "/tmp/rust_mozprofile.oK7CS2x3fyp9"
console.warn: SearchSettings: "get: No settings file exists, new profile?" (new Error("", "(unknown module)"))
1606226437505	Marionette	INFO	Listening on port 44251
1606226437540	Marionette	WARN	TLS certificate errors will be ignored for this session
JavaScript error: http://conepe.guarus.iff.edu.br/admins/sign_in, line 28: TypeError: element is null
JavaScript warning: http://conepe.guarus.iff.edu.br/assets/rails_admin/rails_admin-54de99d2e6689edf9d9841251f2f0303b56d9b0ab315061ae5c5807016a134bc.js, line 2: Script terminated by timeout at:
trigger@http://conepe.guarus.iff.edu.br/assets/rails_admin/rails_admin-54de99d2e6689edf9d9841251f2f0303b56d9b0ab315061ae5c5807016a134bc.js:2:20948
simulate@http://conepe.guarus.iff.edu.br/assets/rails_admin/rails_admin-54de99d2e6689edf9d9841251f2f0303b56d9b0ab315061ae5c5807016a134bc.js:2:25103
i@http://conepe.guarus.iff.edu.br/assets/rails_admin/rails_admin-54de99d2e6689edf9d9841251f2f0303b56d9b0ab315061ae5c5807016a134bc.js:2:28198

JavaScript warning: http://conepe.guarus.iff.edu.br/assets/rails_admin/rails_admin-54de99d2e6689edf9d9841251f2f0303b56d9b0ab315061ae5c5807016a134bc.js, line 1: Script terminated by timeout at:
Ye.fn.extend@http://conepe.guarus.iff.edu.br/assets/rails_admin/rails_admin-54de99d2e6689edf9d9841251f2f0303b56d9b0ab315061ae5c5807016a134bc.js:1:13446
simulate@http://conepe.guarus.iff.edu.br/assets/rails_admin/rails_admin-54de99d2e6689edf9d9841251f2f0303b56d9b0ab315061ae5c5807016a134bc.js:2:25028
i@http://conepe.guarus.iff.edu.br/assets/rails_admin/rails_admin-54de99d2e6689edf9d9841251f2f0303b56d9b0ab315061ae5c5807016a134bc.js:2:28198

JavaScript warning: http://conepe.guarus.iff.edu.br/assets/rails_admin/rails_admin-54de99d2e6689edf9d9841251f2f0303b56d9b0ab315061ae5c5807016a134bc.js, line 1: Script terminated by timeout at:
Ye.fn.extend@http://conepe.guarus.iff.edu.br/assets/rails_admin/rails_admin-54de99d2e6689edf9d9841251f2f0303b56d9b0ab315061ae5c5807016a134bc.js:1:13455
simulate@http://conepe.guarus.iff.edu.br/assets/rails_admin/rails_admin-54de99d2e6689edf9d9841251f2f0303b56d9b0ab315061ae5c5807016a134bc.js:2:25028
i@http://conepe.guarus.iff.edu.br/assets/rails_admin/rails_admin-54de99d2e6689edf9d9841251f2f0303b56d9b0ab315061ae5c5807016a134bc.js:2:28198

JavaScript error: moz-extension://a5a330f0-dccd-4862-91a9-38f02fc24cf9/selector/ui.js, line 45: TypeError: this.sizeTracking is undefined
JavaScript error: moz-extension://a5a330f0-dccd-4862-91a9-38f02fc24cf9/selector/ui.js, line 45: TypeError: this.sizeTracking is undefined
JavaScript error: moz-extension://a5a330f0-dccd-4862-91a9-38f02fc24cf9/selector/ui.js, line 45: TypeError: this.sizeTracking is undefined
JavaScript error: moz-extension://a5a330f0-dccd-4862-91a9-38f02fc24cf9/selector/ui.js, line 45: TypeError: this.sizeTracking is undefined
JavaScript error: moz-extension://a5a330f0-dccd-4862-91a9-38f02fc24cf9/selector/ui.js, line 45: TypeError: this.sizeTracking is undefined

(firefox:19721): GVFS-WARNING **: 11:23:16.671: can't init metadata tree /home/thiago/.local/share/gvfs-metadata/home: open: Permission denied

(firefox:19721): GVFS-WARNING **: 11:23:16.671: can't init metadata tree /home/thiago/.local/share/gvfs-metadata/home: open: Permission denied
JavaScript warning: http://conepe.guarus.iff.edu.br/assets/rails_admin/rails_admin-54de99d2e6689edf9d9841251f2f0303b56d9b0ab315061ae5c5807016a134bc.js, line 1: Script terminated by timeout at:
Ye.fn.extend@http://conepe.guarus.iff.edu.br/assets/rails_admin/rails_admin-54de99d2e6689edf9d9841251f2f0303b56d9b0ab315061ae5c5807016a134bc.js:1:13455
simulate@http://conepe.guarus.iff.edu.br/assets/rails_admin/rails_admin-54de99d2e6689edf9d9841251f2f0303b56d9b0ab315061ae5c5807016a134bc.js:2:25028
i@http://conepe.guarus.iff.edu.br/assets/rails_admin/rails_admin-54de99d2e6689edf9d9841251f2f0303b56d9b0ab315061ae5c5807016a134bc.js:2:28198

JavaScript warning: http://conepe.guarus.iff.edu.br/assets/rails_admin/rails_admin-54de99d2e6689edf9d9841251f2f0303b56d9b0ab315061ae5c5807016a134bc.js, line 1: Script terminated by timeout at:
Ye.fn.extend@http://conepe.guarus.iff.edu.br/assets/rails_admin/rails_admin-54de99d2e6689edf9d9841251f2f0303b56d9b0ab315061ae5c5807016a134bc.js:1:13455
simulate@http://conepe.guarus.iff.edu.br/assets/rails_admin/rails_admin-54de99d2e6689edf9d9841251f2f0303b56d9b0ab315061ae5c5807016a134bc.js:2:25028
i@http://conepe.guarus.iff.edu.br/assets/rails_admin/rails_admin-54de99d2e6689edf9d9841251f2f0303b56d9b0ab315061ae5c5807016a134bc.js:2:28198

JavaScript warning: http://conepe.guarus.iff.edu.br/assets/rails_admin/rails_admin-54de99d2e6689edf9d9841251f2f0303b56d9b0ab315061ae5c5807016a134bc.js, line 1: Script terminated by timeout at:
Ye.fn.extend@http://conepe.guarus.iff.edu.br/assets/rails_admin/rails_admin-54de99d2e6689edf9d9841251f2f0303b56d9b0ab315061ae5c5807016a134bc.js:1:13455
simulate@http://conepe.guarus.iff.edu.br/assets/rails_admin/rails_admin-54de99d2e6689edf9d9841251f2f0303b56d9b0ab315061ae5c5807016a134bc.js:2:25028
i@http://conepe.guarus.iff.edu.br/assets/rails_admin/rails_admin-54de99d2e6689edf9d9841251f2f0303b56d9b0ab315061ae5c5807016a134bc.js:2:28198

JavaScript warning: http://conepe.guarus.iff.edu.br/assets/rails_admin/rails_admin-54de99d2e6689edf9d9841251f2f0303b56d9b0ab315061ae5c5807016a134bc.js, line 2: Script terminated by timeout at:
Ye.Event@http://conepe.guarus.iff.edu.br/assets/rails_admin/rails_admin-54de99d2e6689edf9d9841251f2f0303b56d9b0ab315061ae5c5807016a134bc.js:2:1
simulate@http://conepe.guarus.iff.edu.br/assets/rails_admin/rails_admin-54de99d2e6689edf9d9841251f2f0303b56d9b0ab315061ae5c5807016a134bc.js:2:25035
i@http://conepe.guarus.iff.edu.br/assets/rails_admin/rails_admin-54de99d2e6689edf9d9841251f2f0303b56d9b0ab315061ae5c5807016a134bc.js:2:28198

JavaScript warning: http://conepe.guarus.iff.edu.br/assets/rails_admin/rails_admin-54de99d2e6689edf9d9841251f2f0303b56d9b0ab315061ae5c5807016a134bc.js, line 2: Script terminated by timeout at:
Ye.Event@http://conepe.guarus.iff.edu.br/assets/rails_admin/rails_admin-54de99d2e6689edf9d9841251f2f0303b56d9b0ab315061ae5c5807016a134bc.js:2:1
simulate@http://conepe.guarus.iff.edu.br/assets/rails_admin/rails_admin-54de99d2e6689edf9d9841251f2f0303b56d9b0ab315061ae5c5807016a134bc.js:2:25035
i@http://conepe.guarus.iff.edu.br/assets/rails_admin/rails_admin-54de99d2e6689edf9d9841251f2f0303b56d9b0ab315061ae5c5807016a134bc.js:2:28198

JavaScript warning: http://conepe.guarus.iff.edu.br/assets/rails_admin/rails_admin-54de99d2e6689edf9d9841251f2f0303b56d9b0ab315061ae5c5807016a134bc.js, line 2: Script terminated by timeout at:
trigger@http://conepe.guarus.iff.edu.br/assets/rails_admin/rails_admin-54de99d2e6689edf9d9841251f2f0303b56d9b0ab315061ae5c5807016a134bc.js:2:20948
simulate@http://conepe.guarus.iff.edu.br/assets/rails_admin/rails_admin-54de99d2e6689edf9d9841251f2f0303b56d9b0ab315061ae5c5807016a134bc.js:2:25103
i@http://conepe.guarus.iff.edu.br/assets/rails_admin/rails_admin-54de99d2e6689edf9d9841251f2f0303b56d9b0ab315061ae5c5807016a134bc.js:2:28198


(firefox:19721): GVFS-WARNING **: 11:25:03.281: can't init metadata tree /home/thiago/.local/share/gvfs-metadata/home: open: Permission denied

(firefox:19721): GVFS-WARNING **: 11:25:03.281: can't init metadata tree /home/thiago/.local/share/gvfs-metadata/home: open: Permission denied
JavaScript warning: http://conepe.guarus.iff.edu.br/assets/rails_admin/rails_admin-54de99d2e6689edf9d9841251f2f0303b56d9b0ab315061ae5c5807016a134bc.js, line 2: Script terminated by timeout at:
trigger@http://conepe.guarus.iff.edu.br/assets/rails_admin/rails_admin-54de99d2e6689edf9d9841251f2f0303b56d9b0ab315061ae5c5807016a134bc.js:2:20948
simulate@http://conepe.guarus.iff.edu.br/assets/rails_admin/rails_admin-54de99d2e6689edf9d9841251f2f0303b56d9b0ab315061ae5c5807016a134bc.js:2:25103
i@http://conepe.guarus.iff.edu.br/assets/rails_admin/rails_admin-54de99d2e6689edf9d9841251f2f0303b56d9b0ab315061ae5c5807016a134bc.js:2:28198

JavaScript warning: http://conepe.guarus.iff.edu.br/assets/rails_admin/rails_admin-54de99d2e6689edf9d9841251f2f0303b56d9b0ab315061ae5c5807016a134bc.js, line 2: Script terminated by timeout at:
acceptData@http://conepe.guarus.iff.edu.br/assets/rails_admin/rails_admin-54de99d2e6689edf9d9841251f2f0303b56d9b0ab315061ae5c5807016a134bc.js:2:10254
i@http://conepe.guarus.iff.edu.br/assets/rails_admin/rails_admin-54de99d2e6689edf9d9841251f2f0303b56d9b0ab315061ae5c5807016a134bc.js:1:292
_data@http://conepe.guarus.iff.edu.br/assets/rails_admin/rails_admin-54de99d2e6689edf9d9841251f2f0303b56d9b0ab315061ae5c5807016a134bc.js:2:10018
trigger@http://conepe.guarus.iff.edu.br/assets/rails_admin/rails_admin-54de99d2e6689edf9d9841251f2f0303b56d9b0ab315061ae5c5807016a134bc.js:2:21651
simulate@http://conepe.guarus.iff.edu.br/assets/rails_admin/rails_admin-54de99d2e6689edf9d9841251f2f0303b56d9b0ab315061ae5c5807016a134bc.js:2:25103
i@http://conepe.guarus.iff.edu.br/assets/rails_admin/rails_admin-54de99d2e6689edf9d9841251f2f0303b56d9b0ab315061ae5c5807016a134bc.js:2:28198

JavaScript warning: http://conepe.guarus.iff.edu.br/assets/rails_admin/rails_admin-54de99d2e6689edf9d9841251f2f0303b56d9b0ab315061ae5c5807016a134bc.js, line 1: Script terminated by timeout at:
i@http://conepe.guarus.iff.edu.br/assets/rails_admin/rails_admin-54de99d2e6689edf9d9841251f2f0303b56d9b0ab315061ae5c5807016a134bc.js:1:744
_data@http://conepe.guarus.iff.edu.br/assets/rails_admin/rails_admin-54de99d2e6689edf9d9841251f2f0303b56d9b0ab315061ae5c5807016a134bc.js:2:10018
trigger@http://conepe.guarus.iff.edu.br/assets/rails_admin/rails_admin-54de99d2e6689edf9d9841251f2f0303b56d9b0ab315061ae5c5807016a134bc.js:2:21651
simulate@http://conepe.guarus.iff.edu.br/assets/rails_admin/rails_admin-54de99d2e6689edf9d9841251f2f0303b56d9b0ab315061ae5c5807016a134bc.js:2:25103
i@http://conepe.guarus.iff.edu.br/assets/rails_admin/rails_admin-54de99d2e6689edf9d9841251f2f0303b56d9b0ab315061ae5c5807016a134bc.js:2:28198

1606239630937	Marionette	INFO	Stopped listening on port 34895
1606247995826	Marionette	INFO	Stopped listening on port 33629
1606247995896	Marionette	INFO	Stopped listening on port 44251
